<?xml version="1.0" encoding="UTF-8"?>
<!-- Generated by org.testng.reporters.JUnitXMLReporter -->
<testsuite hostname="DESKTOP-OFC8VFN" ignored="6" name="Default test" tests="1" failures="0" timestamp="23 Apr 2020 11:05:27 GMT" time="14.755" errors="0">
  <testcase name="loginValidUsernameAndInvalidPassTest" time="1.878" classname="com.qa.flipkart.tests_regression.LoginPageTest"/>
  <testcase name="loginInValidPassTest" time="0.0" classname="com.qa.flipkart.tests_regression.LoginPageTest">
    <ignored/>
  </testcase> <!-- loginInValidPassTest -->
  <testcase name="loginValid" time="0.0" classname="com.qa.flipkart.tests_regression.LoginPageTest">
    <ignored/>
  </testcase> <!-- loginValid -->
  <testcase name="loginForgotPassloginForgotPassChangeEmailTest" time="0.0" classname="com.qa.flipkart.tests_regression.LoginPageTest">
    <ignored/>
  </testcase> <!-- loginForgotPassloginForgotPassChangeEmailTest -->
  <testcase name="LoginValidUsernameBlankPassTest" time="0.0" classname="com.qa.flipkart.tests_regression.LoginPageTest">
    <ignored/>
  </testcase> <!-- LoginValidUsernameBlankPassTest -->
  <testcase name="loginForgotPassResendOTPTest" time="0.0" classname="com.qa.flipkart.tests_regression.LoginPageTest">
    <ignored/>
  </testcase> <!-- loginForgotPassResendOTPTest -->
  <testcase name="loginInValidUsernameTest" time="0.0" classname="com.qa.flipkart.tests_regression.LoginPageTest">
    <ignored/>
  </testcase> <!-- loginInValidUsernameTest -->
</testsuite> <!-- Default test -->
