<?xml version="1.0" encoding="UTF-8"?>
<!-- Generated by org.testng.reporters.JUnitXMLReporter -->
<testsuite hostname="DESKTOP-OFC8VFN" ignored="6" name="Default test" tests="1" failures="0" timestamp="18 Apr 2020 10:17:41 GMT" time="17.87" errors="0">
  <testcase name="verifyClickOnEditEmailAddLnk" time="7.416" classname="com.qa.flipkart.tests.MyProfilePageTest"/>
  <testcase name="verifyMyProfilePageTitleTest" time="0.0" classname="com.qa.flipkart.tests.MyProfilePageTest">
    <ignored/>
  </testcase> <!-- verifyMyProfilePageTitleTest -->
  <testcase name="verifyPersonalInfoclickOnEdit" time="0.0" classname="com.qa.flipkart.tests.MyProfilePageTest">
    <ignored/>
  </testcase> <!-- verifyPersonalInfoclickOnEdit -->
  <testcase name="enterLastNameTest" time="0.0" classname="com.qa.flipkart.tests.MyProfilePageTest">
    <ignored/>
  </testcase> <!-- enterLastNameTest -->
  <testcase name="selectRadioBtnTest_Female" time="0.0" classname="com.qa.flipkart.tests.MyProfilePageTest">
    <ignored/>
  </testcase> <!-- selectRadioBtnTest_Female -->
  <testcase name="selectRadioBtnTest_Male" time="0.0" classname="com.qa.flipkart.tests.MyProfilePageTest">
    <ignored/>
  </testcase> <!-- selectRadioBtnTest_Male -->
  <testcase name="enterFirstNameTest" time="0.0" classname="com.qa.flipkart.tests.MyProfilePageTest">
    <ignored/>
  </testcase> <!-- enterFirstNameTest -->
</testsuite> <!-- Default test -->
