<?xml version="1.0" encoding="UTF-8"?>
<!-- Generated by org.testng.reporters.JUnitXMLReporter -->
<testsuite hostname="DESKTOP-OFC8VFN" ignored="6" name="Default test" tests="1" failures="0" timestamp="24 Apr 2020 10:44:00 GMT" time="15.208" errors="0">
  <testcase name="loginValidTest" time="1.479" classname="com.qa.flipkart.tests_regression.LoginPageTest"/>
  <testcase name="loginInValidPassTest" time="0.0" classname="com.qa.flipkart.tests_regression.LoginPageTest">
    <ignored/>
  </testcase> <!-- loginInValidPassTest -->
  <testcase name="loginValidUsernameAndInvalidPassTest" time="0.0" classname="com.qa.flipkart.tests_regression.LoginPageTest">
    <ignored/>
  </testcase> <!-- loginValidUsernameAndInvalidPassTest -->
  <testcase name="LoginValidUsernameBlankPassTest" time="0.0" classname="com.qa.flipkart.tests_regression.LoginPageTest">
    <ignored/>
  </testcase> <!-- LoginValidUsernameBlankPassTest -->
  <testcase name="loginForgotPassResendOTPTest" time="0.0" classname="com.qa.flipkart.tests_regression.LoginPageTest">
    <ignored/>
  </testcase> <!-- loginForgotPassResendOTPTest -->
  <testcase name="loginForgotPassChangeEmailTest" time="0.0" classname="com.qa.flipkart.tests_regression.LoginPageTest">
    <ignored/>
  </testcase> <!-- loginForgotPassChangeEmailTest -->
  <testcase name="loginInValidUsernameTest" time="0.0" classname="com.qa.flipkart.tests_regression.LoginPageTest">
    <ignored/>
  </testcase> <!-- loginInValidUsernameTest -->
</testsuite> <!-- Default test -->
