<?xml version="1.0" encoding="UTF-8"?>
<!-- Generated by org.testng.reporters.JUnitXMLReporter -->
<testsuite hostname="DESKTOP-OFC8VFN" ignored="0" name="Regression Tests" tests="7" failures="0" timestamp="15 May 2020 09:30:59 GMT" time="88.253" errors="0">
  <testcase name="LoginValidUsernameBlankPassTest" time="1.19" classname="com.qa.flipkart.tests_regression.LoginPageTest"/>
  <testcase name="loginForgotPassChangeEmailTest" time="2.062" classname="com.qa.flipkart.tests_regression.LoginPageTest"/>
  <testcase name="loginForgotPassResendOTPTest" time="1.862" classname="com.qa.flipkart.tests_regression.LoginPageTest"/>
  <testcase name="loginInValidPassTest" time="0.609" classname="com.qa.flipkart.tests_regression.LoginPageTest"/>
  <testcase name="loginInValidUsernameTest" time="0.862" classname="com.qa.flipkart.tests_regression.LoginPageTest"/>
  <testcase name="loginValidTest" time="1.568" classname="com.qa.flipkart.tests_regression.LoginPageTest"/>
  <testcase name="loginValidUsernameAndInvalidPassTest" time="1.393" classname="com.qa.flipkart.tests_regression.LoginPageTest"/>
</testsuite> <!-- Regression Tests -->
