<?xml version="1.0" encoding="UTF-8"?>
<!-- Generated by org.testng.reporters.JUnitXMLReporter -->
<testsuite hostname="DESKTOP-OFC8VFN" ignored="0" name="Smoke Tests" tests="13" failures="2" timestamp="18 Apr 2020 10:42:11 GMT" time="313.914" errors="0">
  <testcase name="enterFirstNameTest" time="6.817" classname="com.qa.flipkart.tests.MyProfilePageTest"/>
  <testcase name="enterLastNameTest" time="6.811" classname="com.qa.flipkart.tests.MyProfilePageTest"/>
  <testcase name="selectRadioBtnTest_Female" time="16.769" classname="com.qa.flipkart.tests.MyProfilePageTest">
    <skipped/>
  </testcase> <!-- selectRadioBtnTest_Female -->
  <testcase name="selectRadioBtnTest_Female" time="16.665" classname="com.qa.flipkart.tests.MyProfilePageTest">
    <skipped/>
  </testcase> <!-- selectRadioBtnTest_Female -->
  <testcase name="selectRadioBtnTest_Female" time="16.525" classname="com.qa.flipkart.tests.MyProfilePageTest">
    <skipped/>
  </testcase> <!-- selectRadioBtnTest_Female -->
  <testcase name="selectRadioBtnTest_Female" time="16.73" classname="com.qa.flipkart.tests.MyProfilePageTest">
    <failure type="org.openqa.selenium.TimeoutException" message="Expected condition failed: waiting for element ([[ChromeDriver: chrome on WINDOWS (aad1170d2bc9cf2204d6ad5a9ccc1890)] -&amp;gt; name: gender]) to be selected (tried for 10 second(s) with 500 milliseconds interval)
Build info: version: &amp;apos;4.0.0-alpha-3&amp;apos;, revision: &amp;apos;8c567de6dc&amp;apos;
System info: host: &amp;apos;DESKTOP-OFC8VFN&amp;apos;, ip: &amp;apos;192.168.1.6&amp;apos;, os.name: &amp;apos;Windows 10&amp;apos;, os.arch: &amp;apos;amd64&amp;apos;, os.version: &amp;apos;10.0&amp;apos;, java.version: &amp;apos;1.8.0_201&amp;apos;
Driver info: org.openqa.selenium.support.events.EventFiringWebDriver
Capabilities {acceptInsecureCerts: false, browserName: chrome, browserVersion: 80.0.3987.163, chrome: {chromedriverVersion: 80.0.3987.106 (f68069574609..., userDataDir: C:\Users\Mudit\AppData\Loca...}, goog:chromeOptions: {debuggerAddress: localhost:15475}, javascriptEnabled: true, networkConnectionEnabled: false, pageLoadStrategy: normal, platform: WINDOWS, platformName: WINDOWS, proxy: Proxy(), setWindowRect: true, strictFileInteractability: false, timeouts: {implicit: 0, pageLoad: 300000, script: 30000}, unhandledPromptBehavior: dismiss and notify}
Session ID: aad1170d2bc9cf2204d6ad5a9ccc1890">
      <![CDATA[org.openqa.selenium.TimeoutException: Expected condition failed: waiting for element ([[ChromeDriver: chrome on WINDOWS (aad1170d2bc9cf2204d6ad5a9ccc1890)] -> name: gender]) to be selected (tried for 10 second(s) with 500 milliseconds interval)
Build info: version: '4.0.0-alpha-3', revision: '8c567de6dc'
System info: host: 'DESKTOP-OFC8VFN', ip: '192.168.1.6', os.name: 'Windows 10', os.arch: 'amd64', os.version: '10.0', java.version: '1.8.0_201'
Driver info: org.openqa.selenium.support.events.EventFiringWebDriver
Capabilities {acceptInsecureCerts: false, browserName: chrome, browserVersion: 80.0.3987.163, chrome: {chromedriverVersion: 80.0.3987.106 (f68069574609..., userDataDir: C:\Users\Mudit\AppData\Loca...}, goog:chromeOptions: {debuggerAddress: localhost:15475}, javascriptEnabled: true, networkConnectionEnabled: false, pageLoadStrategy: normal, platform: WINDOWS, platformName: WINDOWS, proxy: Proxy(), setWindowRect: true, strictFileInteractability: false, timeouts: {implicit: 0, pageLoad: 300000, script: 30000}, unhandledPromptBehavior: dismiss and notify}
Session ID: aad1170d2bc9cf2204d6ad5a9ccc1890
at org.openqa.selenium.support.ui.WebDriverWait.timeoutException(WebDriverWait.java:138)
at org.openqa.selenium.support.ui.FluentWait.until(FluentWait.java:234)
at com.qa.flipkart.pages.MyProfilePage.selectRadioBtnGender(MyProfilePage.java:81)
at com.qa.flipkart.tests.MyProfilePageTest.selectRadioBtnTest_Female(MyProfilePageTest.java:165)
... Removed 25 stack frames]]>
    </failure>
  </testcase> <!-- selectRadioBtnTest_Female -->
  <testcase name="selectRadioBtnTest_Male" time="26.954" classname="com.qa.flipkart.tests.MyProfilePageTest">
    <skipped/>
  </testcase> <!-- selectRadioBtnTest_Male -->
  <testcase name="selectRadioBtnTest_Male" time="25.355" classname="com.qa.flipkart.tests.MyProfilePageTest">
    <skipped/>
  </testcase> <!-- selectRadioBtnTest_Male -->
  <testcase name="selectRadioBtnTest_Male" time="27.143" classname="com.qa.flipkart.tests.MyProfilePageTest">
    <skipped/>
  </testcase> <!-- selectRadioBtnTest_Male -->
  <testcase name="selectRadioBtnTest_Male" time="27.156" classname="com.qa.flipkart.tests.MyProfilePageTest">
    <failure type="org.openqa.selenium.ElementNotInteractableException" message="element not interactable
  (Session info: chrome=80.0.3987.163)
Build info: version: &amp;apos;4.0.0-alpha-3&amp;apos;, revision: &amp;apos;8c567de6dc&amp;apos;
System info: host: &amp;apos;DESKTOP-OFC8VFN&amp;apos;, ip: &amp;apos;192.168.1.6&amp;apos;, os.name: &amp;apos;Windows 10&amp;apos;, os.arch: &amp;apos;amd64&amp;apos;, os.version: &amp;apos;10.0&amp;apos;, java.version: &amp;apos;1.8.0_201&amp;apos;
Driver info: org.openqa.selenium.chrome.ChromeDriver
Capabilities {acceptInsecureCerts: false, browserName: chrome, browserVersion: 80.0.3987.163, chrome: {chromedriverVersion: 80.0.3987.106 (f68069574609..., userDataDir: C:\Users\Mudit\AppData\Loca...}, goog:chromeOptions: {debuggerAddress: localhost:15805}, javascriptEnabled: true, networkConnectionEnabled: false, pageLoadStrategy: normal, platform: WINDOWS, platformName: WINDOWS, proxy: Proxy(), setWindowRect: true, strictFileInteractability: false, timeouts: {implicit: 0, pageLoad: 300000, script: 30000}, unhandledPromptBehavior: dismiss and notify}
Session ID: db89146ddc47c2f4e81ffade2c7c7ad2">
      <![CDATA[org.openqa.selenium.ElementNotInteractableException: element not interactable
  (Session info: chrome=80.0.3987.163)
Build info: version: '4.0.0-alpha-3', revision: '8c567de6dc'
System info: host: 'DESKTOP-OFC8VFN', ip: '192.168.1.6', os.name: 'Windows 10', os.arch: 'amd64', os.version: '10.0', java.version: '1.8.0_201'
Driver info: org.openqa.selenium.chrome.ChromeDriver
Capabilities {acceptInsecureCerts: false, browserName: chrome, browserVersion: 80.0.3987.163, chrome: {chromedriverVersion: 80.0.3987.106 (f68069574609..., userDataDir: C:\Users\Mudit\AppData\Loca...}, goog:chromeOptions: {debuggerAddress: localhost:15805}, javascriptEnabled: true, networkConnectionEnabled: false, pageLoadStrategy: normal, platform: WINDOWS, platformName: WINDOWS, proxy: Proxy(), setWindowRect: true, strictFileInteractability: false, timeouts: {implicit: 0, pageLoad: 300000, script: 30000}, unhandledPromptBehavior: dismiss and notify}
Session ID: db89146ddc47c2f4e81ffade2c7c7ad2
at org.openqa.selenium.remote.codec.w3c.W3CHttpResponseCodec.createException(W3CHttpResponseCodec.java:191)
at org.openqa.selenium.remote.codec.w3c.W3CHttpResponseCodec.decode(W3CHttpResponseCodec.java:125)
at org.openqa.selenium.remote.codec.w3c.W3CHttpResponseCodec.decode(W3CHttpResponseCodec.java:52)
at org.openqa.selenium.remote.HttpCommandExecutor.execute(HttpCommandExecutor.java:161)
at org.openqa.selenium.remote.service.DriverCommandExecutor.execute(DriverCommandExecutor.java:83)
at org.openqa.selenium.remote.RemoteWebDriver.execute(RemoteWebDriver.java:576)
at org.openqa.selenium.remote.RemoteWebElement.execute(RemoteWebElement.java:308)
at org.openqa.selenium.remote.RemoteWebElement.click(RemoteWebElement.java:83)
at org.openqa.selenium.support.events.EventFiringWebDriver$EventFiringWebElement.lambda$new$0(EventFiringWebDriver.java:405)
at com.sun.proxy.$Proxy13.click(Unknown Source)
at org.openqa.selenium.support.events.EventFiringWebDriver$EventFiringWebElement.click(EventFiringWebDriver.java:418)
at com.qa.flipkart.pages.MyProfilePage.selectRadioBtnGender(MyProfilePage.java:76)
at com.qa.flipkart.tests.MyProfilePageTest.selectRadioBtnTest_Male(MyProfilePageTest.java:141)
... Removed 32 stack frames]]>
    </failure>
  </testcase> <!-- selectRadioBtnTest_Male -->
  <testcase name="verifyClickOnEditEmailAddLnk" time="7.443" classname="com.qa.flipkart.tests.MyProfilePageTest"/>
  <testcase name="verifyMyProfilePageTitleTest" time="6.122" classname="com.qa.flipkart.tests.MyProfilePageTest"/>
  <testcase name="verifyPersonalInfoclickOnEdit" time="6.104" classname="com.qa.flipkart.tests.MyProfilePageTest"/>
</testsuite> <!-- Smoke Tests -->
