<?xml version="1.0" encoding="UTF-8"?>
<testng-results skipped="0" failed="0" ignored="0" total="1" passed="1">
  <reporter-output>
  </reporter-output>
  <suite name="Suite" duration-ms="16599" started-at="2020-04-17T14:42:24Z" finished-at="2020-04-17T14:42:41Z">
    <groups>
    </groups>
    <test name="Smoke Tests" duration-ms="16599" started-at="2020-04-17T14:42:24Z" finished-at="2020-04-17T14:42:41Z">
      <class name="com.qa.flipkart.tests.MyProfilePageTest">
        <test-method status="PASS" signature="setUp()[pri:0, instance:com.qa.flipkart.tests.MyProfilePageTest@5db45159]" name="setUp" is-config="true" duration-ms="9885" started-at="2020-04-17T14:42:25Z" finished-at="2020-04-17T14:42:34Z">
          <reporter-output>
          </reporter-output>
        </test-method> <!-- setUp -->
        <test-method status="PASS" signature="verifyMyProfilePageTitleTest()[pri:0, instance:com.qa.flipkart.tests.MyProfilePageTest@5db45159]" name="verifyMyProfilePageTitleTest" duration-ms="6361" started-at="2020-04-17T14:42:34Z" finished-at="2020-04-17T14:42:41Z">
          <reporter-output>
          </reporter-output>
        </test-method> <!-- verifyMyProfilePageTitleTest -->
        <test-method status="PASS" signature="tearDown()[pri:0, instance:com.qa.flipkart.tests.MyProfilePageTest@5db45159]" name="tearDown" is-config="true" duration-ms="285" started-at="2020-04-17T14:42:41Z" finished-at="2020-04-17T14:42:41Z">
          <reporter-output>
          </reporter-output>
        </test-method> <!-- tearDown -->
      </class> <!-- com.qa.flipkart.tests.MyProfilePageTest -->
    </test> <!-- Smoke Tests -->
  </suite> <!-- Suite -->
</testng-results>
