<?xml version="1.0" encoding="UTF-8"?>
<testng-results skipped="0" failed="1" ignored="0" total="1" passed="0">
  <reporter-output>
  </reporter-output>
  <suite name="Default suite" duration-ms="20710" started-at="2020-05-15T07:42:14Z" finished-at="2020-05-15T07:42:35Z">
    <groups>
    </groups>
    <test name="Default test" duration-ms="20710" started-at="2020-05-15T07:42:14Z" finished-at="2020-05-15T07:42:35Z">
      <class name="com.qa.flipkart.tests_smoke.LoginPageTest">
        <test-method status="PASS" signature="setExtent()[pri:0, instance:com.qa.flipkart.tests_smoke.LoginPageTest@6e1567f1]" name="setExtent" is-config="true" duration-ms="328" started-at="2020-05-15T07:42:14Z" finished-at="2020-05-15T07:42:14Z">
          <reporter-output>
          </reporter-output>
        </test-method> <!-- setExtent -->
        <test-method status="PASS" signature="init()[pri:0, instance:com.qa.flipkart.tests_smoke.LoginPageTest@6e1567f1]" name="init" is-config="true" duration-ms="12407" started-at="2020-05-15T07:42:14Z" finished-at="2020-05-15T07:42:27Z">
          <reporter-output>
          </reporter-output>
        </test-method> <!-- init -->
        <test-method status="FAIL" signature="login()[pri:0, instance:com.qa.flipkart.tests_smoke.LoginPageTest@6e1567f1]" name="login" duration-ms="1447" started-at="2020-05-15T07:42:27Z" finished-at="2020-05-15T07:42:28Z">
          <exception class="java.lang.AssertionError">
            <message>
              <![CDATA[expected [true] but found [false]]]>
            </message>
            <full-stacktrace>
              <![CDATA[java.lang.AssertionError: expected [true] but found [false]
at org.testng.Assert.fail(Assert.java:96)
at org.testng.Assert.failNotEquals(Assert.java:776)
at org.testng.Assert.assertEqualsImpl(Assert.java:137)
at org.testng.Assert.assertEquals(Assert.java:118)
at org.testng.Assert.assertEquals(Assert.java:568)
at org.testng.Assert.assertEquals(Assert.java:578)
at com.qa.flipkart.tests_smoke.LoginPageTest.login(LoginPageTest.java:44)
at sun.reflect.NativeMethodAccessorImpl.invoke0(Native Method)
at sun.reflect.NativeMethodAccessorImpl.invoke(NativeMethodAccessorImpl.java:62)
at sun.reflect.DelegatingMethodAccessorImpl.invoke(DelegatingMethodAccessorImpl.java:43)
at java.lang.reflect.Method.invoke(Method.java:498)
at org.testng.internal.MethodInvocationHelper.invokeMethod(MethodInvocationHelper.java:124)
at org.testng.internal.Invoker.invokeMethod(Invoker.java:583)
at org.testng.internal.Invoker.invokeTestMethod(Invoker.java:719)
at org.testng.internal.Invoker.invokeTestMethods(Invoker.java:989)
at org.testng.internal.TestMethodWorker.invokeTestMethods(TestMethodWorker.java:125)
at org.testng.internal.TestMethodWorker.run(TestMethodWorker.java:109)
at org.testng.TestRunner.privateRun(TestRunner.java:648)
at org.testng.TestRunner.run(TestRunner.java:505)
at org.testng.SuiteRunner.runTest(SuiteRunner.java:455)
at org.testng.SuiteRunner.runSequentially(SuiteRunner.java:450)
at org.testng.SuiteRunner.privateRun(SuiteRunner.java:415)
at org.testng.SuiteRunner.run(SuiteRunner.java:364)
at org.testng.SuiteRunnerWorker.runSuite(SuiteRunnerWorker.java:52)
at org.testng.SuiteRunnerWorker.run(SuiteRunnerWorker.java:84)
at org.testng.TestNG.runSuitesSequentially(TestNG.java:1208)
at org.testng.TestNG.runSuitesLocally(TestNG.java:1137)
at org.testng.TestNG.runSuites(TestNG.java:1049)
at org.testng.TestNG.run(TestNG.java:1017)
at org.testng.remote.AbstractRemoteTestNG.run(AbstractRemoteTestNG.java:115)
at org.testng.remote.RemoteTestNG.initAndRun(RemoteTestNG.java:251)
at org.testng.remote.RemoteTestNG.main(RemoteTestNG.java:77)
]]>
            </full-stacktrace>
          </exception> <!-- java.lang.AssertionError -->
          <reporter-output>
          </reporter-output>
        </test-method> <!-- login -->
        <test-method status="PASS" signature="tearDownAll(org.testng.ITestResult)[pri:0, instance:com.qa.flipkart.tests_smoke.LoginPageTest@6e1567f1]" name="tearDownAll" is-config="true" duration-ms="5884" started-at="2020-05-15T07:42:28Z" finished-at="2020-05-15T07:42:34Z">
          <params>
            <param index="0">
              <value>
                <![CDATA[[TestResult name=login status=FAILURE method=LoginPageTest.login()[pri:0, instance:com.qa.flipkart.tests_smoke.LoginPageTest@6e1567f1] output={null}]]]>
              </value>
            </param>
          </params>
          <reporter-output>
          </reporter-output>
        </test-method> <!-- tearDownAll -->
        <test-method status="PASS" signature="endReport()[pri:0, instance:com.qa.flipkart.tests_smoke.LoginPageTest@6e1567f1]" name="endReport" is-config="true" duration-ms="604" started-at="2020-05-15T07:42:34Z" finished-at="2020-05-15T07:42:35Z">
          <reporter-output>
          </reporter-output>
        </test-method> <!-- endReport -->
      </class> <!-- com.qa.flipkart.tests_smoke.LoginPageTest -->
    </test> <!-- Default test -->
  </suite> <!-- Default suite -->
</testng-results>
