<?xml version="1.0" encoding="UTF-8"?>
<testng-results skipped="0" failed="0" ignored="0" total="1" passed="1">
  <reporter-output>
  </reporter-output>
  <suite name="Default suite" duration-ms="14244" started-at="2020-04-16T13:57:25Z" finished-at="2020-04-16T13:57:40Z">
    <groups>
    </groups>
    <test name="Default test" duration-ms="14244" started-at="2020-04-16T13:57:25Z" finished-at="2020-04-16T13:57:40Z">
      <class name="com.qa.flipkart.tests.LoginPageTest">
        <test-method status="PASS" signature="init()[pri:0, instance:com.qa.flipkart.tests.LoginPageTest@3224f60b]" name="init" is-config="true" duration-ms="10926" started-at="2020-04-16T13:57:25Z" finished-at="2020-04-16T13:57:36Z">
          <reporter-output>
          </reporter-output>
        </test-method> <!-- init -->
        <test-method status="PASS" signature="login()[pri:0, instance:com.qa.flipkart.tests.LoginPageTest@3224f60b]" name="login" duration-ms="2165" started-at="2020-04-16T13:57:36Z" finished-at="2020-04-16T13:57:39Z">
          <reporter-output>
          </reporter-output>
        </test-method> <!-- login -->
        <test-method status="PASS" signature="tearDownAll()[pri:0, instance:com.qa.flipkart.tests.LoginPageTest@3224f60b]" name="tearDownAll" is-config="true" duration-ms="1099" started-at="2020-04-16T13:57:39Z" finished-at="2020-04-16T13:57:40Z">
          <reporter-output>
          </reporter-output>
        </test-method> <!-- tearDownAll -->
      </class> <!-- com.qa.flipkart.tests.LoginPageTest -->
    </test> <!-- Default test -->
  </suite> <!-- Default suite -->
</testng-results>
